# JRE version: OpenJDK Runtime Environment (8.0_152-b02) (build 1.8.0_152-release-1024-b02)
# Java VM: OpenJDK 64-Bit Server VM (25.152-b02 mixed mode windows-amd64 compressed oops)
Heap:
 PSYoungGen      total 481280K, used 399286K [0x00000000e0000000, 0x00000000ffe80000, 0x0000000100000000)
  eden space 439808K, 89% used [0x00000000e0000000,0x00000000f8072508,0x00000000fad80000)
  from space 41472K, 13% used [0x00000000fad80000,0x00000000fb2fb5a8,0x00000000fd600000)
  to   space 40448K, 0% used [0x00000000fd700000,0x00000000fd700000,0x00000000ffe80000)
 ParOldGen       total 289280K, used 62196K [0x00000000a0000000, 0x00000000b1a80000, 0x00000000e0000000)
  object space 289280K, 21% used [0x00000000a0000000,0x00000000a3cbd338,0x00000000b1a80000)
 Metaspace       used 95803K, capacity 101596K, committed 101720K, reserved 1138688K
  class space    used 11960K, capacity 13107K, committed 13184K, reserved 1048576K
GC Heap History (10 events):
Event: 14967.071 GC heap before
{Heap before GC invocations=41 (full 4):
 PSYoungGen      total 480256K, used 452467K [0x00000000e0000000, 0x0000000100000000, 0x0000000100000000)
  eden space 433664K, 100% used [0x00000000e0000000,0x00000000fa780000,0x00000000fa780000)
  from space 46592K, 40% used [0x00000000fd280000,0x00000000fe4dce60,0x0000000100000000)
  to   space 44032K, 0% used [0x00000000fa780000,0x00000000fa780000,0x00000000fd280000)
 ParOldGen       total 289280K, used 45742K [0x00000000a0000000, 0x00000000b1a80000, 0x00000000e0000000)
  object space 289280K, 15% used [0x00000000a0000000,0x00000000a2caba48,0x00000000b1a80000)
 Metaspace       used 94141K, capacity 98856K, committed 100056K, reserved 1136640K
  class space    used 11704K, capacity 12715K, committed 13056K, reserved 1048576K
Event: 14967.121 GC heap after
Heap after GC invocations=41 (full 4):
 PSYoungGen      total 453632K, used 19887K [0x00000000e0000000, 0x00000000ff980000, 0x0000000100000000)
  eden space 433664K, 0% used [0x00000000e0000000,0x00000000e0000000,0x00000000fa780000)
  from space 19968K, 99% used [0x00000000fa780000,0x00000000fbaebc48,0x00000000fbb00000)
  to   space 41984K, 0% used [0x00000000fd080000,0x00000000fd080000,0x00000000ff980000)
 ParOldGen       total 289280K, used 50721K [0x00000000a0000000, 0x00000000b1a80000, 0x00000000e0000000)
  object space 289280K, 17% used [0x00000000a0000000,0x00000000a3188508,0x00000000b1a80000)
 Metaspace       used 94141K, capacity 98856K, committed 100056K, reserved 1136640K
  class space    used 11704K, capacity 12715K, committed 13056K, reserved 1048576K
}
Event: 14967.624 GC heap before
{Heap before GC invocations=42 (full 4):
 PSYoungGen      total 453632K, used 453551K [0x00000000e0000000, 0x00000000ff980000, 0x0000000100000000)
  eden space 433664K, 100% used [0x00000000e0000000,0x00000000fa780000,0x00000000fa780000)
  from space 19968K, 99% used [0x00000000fa780000,0x00000000fbaebc48,0x00000000fbb00000)
  to   space 41984K, 0% used [0x00000000fd080000,0x00000000fd080000,0x00000000ff980000)
 ParOldGen       total 289280K, used 50721K [0x00000000a0000000, 0x00000000b1a80000, 0x00000000e0000000)
  object space 289280K, 17% used [0x00000000a0000000,0x00000000a3188508,0x00000000b1a80000)
 Metaspace       used 94168K, capacity 98866K, committed 100056K, reserved 1136640K
  class space    used 11705K, capacity 12718K, committed 13056K, reserved 1048576K
Event: 14967.771 GC heap after
Heap after GC invocations=42 (full 4):
 PSYoungGen      total 475648K, used 4346K [0x00000000e0000000, 0x0000000100000000, 0x0000000100000000)
  eden space 433664K, 0% used [0x00000000e0000000,0x00000000e0000000,0x00000000fa780000)
  from space 41984K, 10% used [0x00000000fd080000,0x00000000fd4beb90,0x00000000ff980000)
  to   space 41984K, 0% used [0x00000000fa780000,0x00000000fa780000,0x00000000fd080000)
 ParOldGen       total 289280K, used 61980K [0x00000000a0000000, 0x00000000b1a80000, 0x00000000e0000000)
  object space 289280K, 21% used [0x00000000a0000000,0x00000000a3c87338,0x00000000b1a80000)
 Metaspace       used 94168K, capacity 98866K, committed 100056K, reserved 1136640K
  class space    used 11705K, capacity 12718K, committed 13056K, reserved 1048576K
}
Event: 14970.555 GC heap before
{Heap before GC invocations=43 (full 4):
 PSYoungGen      total 475648K, used 438010K [0x00000000e0000000, 0x0000000100000000, 0x0000000100000000)
  eden space 433664K, 100% used [0x00000000e0000000,0x00000000fa780000,0x00000000fa780000)
  from space 41984K, 10% used [0x00000000fd080000,0x00000000fd4beb90,0x00000000ff980000)
  to   space 41984K, 0% used [0x00000000fa780000,0x00000000fa780000,0x00000000fd080000)
 ParOldGen       total 289280K, used 61980K [0x00000000a0000000, 0x00000000b1a80000, 0x00000000e0000000)
  object space 289280K, 21% used [0x00000000a0000000,0x00000000a3c87338,0x00000000b1a80000)
 Metaspace       used 94225K, capacity 98930K, committed 100056K, reserved 1136640K
  class space    used 11711K, capacity 12718K, committed 13056K, reserved 1048576K
Event: 14970.567 GC heap after
Heap after GC invocations=43 (full 4):
 PSYoungGen      total 475648K, used 9823K [0x00000000e0000000, 0x00000000ffe00000, 0x0000000100000000)
  eden space 433664K, 0% used [0x00000000e0000000,0x00000000e0000000,0x00000000fa780000)
  from space 41984K, 23% used [0x00000000fa780000,0x00000000fb117d30,0x00000000fd080000)
  to   space 40960K, 0% used [0x00000000fd600000,0x00000000fd600000,0x00000000ffe00000)
 ParOldGen       total 289280K, used 62092K [0x00000000a0000000, 0x00000000b1a80000, 0x00000000e0000000)
  object space 289280K, 21% used [0x00000000a0000000,0x00000000a3ca3338,0x00000000b1a80000)
 Metaspace       used 94225K, capacity 98930K, committed 100056K, reserved 1136640K
  class space    used 11711K, capacity 12718K, committed 13056K, reserved 1048576K
}
Event: 14975.885 GC heap before
{Heap before GC invocations=44 (full 4):
 PSYoungGen      total 475648K, used 440411K [0x00000000e0000000, 0x00000000ffe00000, 0x0000000100000000)
  eden space 433664K, 99% used [0x00000000e0000000,0x00000000fa47f220,0x00000000fa780000)
  from space 41984K, 23% used [0x00000000fa780000,0x00000000fb117d30,0x00000000fd080000)
  to   space 40960K, 0% used [0x00000000fd600000,0x00000000fd600000,0x00000000ffe00000)
 ParOldGen       total 289280K, used 62092K [0x00000000a0000000, 0x00000000b1a80000, 0x00000000e0000000)
  object space 289280K, 21% used [0x00000000a0000000,0x00000000a3ca3338,0x00000000b1a80000)
 Metaspace       used 94324K, capacity 99014K, committed 100056K, reserved 1136640K
  class space    used 11713K, capacity 12720K, committed 13056K, reserved 1048576K
Event: 14975.896 GC heap after
Heap after GC invocations=44 (full 4):
 PSYoungGen      total 480768K, used 1470K [0x00000000e0000000, 0x0000000100000000, 0x0000000100000000)
  eden space 439808K, 0% used [0x00000000e0000000,0x00000000e0000000,0x00000000fad80000)
  from space 40960K, 3% used [0x00000000fd600000,0x00000000fd76fb68,0x00000000ffe00000)
  to   space 41472K, 0% used [0x00000000fad80000,0x00000000fad80000,0x00000000fd600000)
 ParOldGen       total 289280K, used 62140K [0x00000000a0000000, 0x00000000b1a80000, 0x00000000e0000000)
  object space 289280K, 21% used [0x00000000a0000000,0x00000000a3caf338,0x00000000b1a80000)
 Metaspace       used 94324K, capacity 99014K, committed 100056K, reserved 1136640K
  class space    used 11713K, capacity 12720K, committed 13056K, reserved 1048576K
}
Event: 14979.821 GC heap before
{Heap before GC invocations=45 (full 4):
 PSYoungGen      total 480768K, used 440512K [0x00000000e0000000, 0x0000000100000000, 0x0000000100000000)
  eden space 439808K, 99% used [0x00000000e0000000,0x00000000facc07f0,0x00000000fad80000)
  from space 40960K, 3% used [0x00000000fd600000,0x00000000fd76fb68,0x00000000ffe00000)
  to   space 41472K, 0% used [0x00000000fad80000,0x00000000fad80000,0x00000000fd600000)
 ParOldGen       total 289280K, used 62140K [0x00000000a0000000, 0x00000000b1a80000, 0x00000000e0000000)
  object space 289280K, 21% used [0x00000000a0000000,0x00000000a3caf338,0x00000000b1a80000)
 Metaspace       used 94463K, capacity 99278K, committed 100312K, reserved 1136640K
  class space    used 11728K, capacity 12744K, committed 13056K, reserved 1048576K
Event: 14979.826 GC heap after
Heap after GC invocations=45 (full 4):
 PSYoungGen      total 481280K, used 5613K [0x00000000e0000000, 0x00000000ffe80000, 0x0000000100000000)
  eden space 439808K, 0% used [0x00000000e0000000,0x00000000e0000000,0x00000000fad80000)
  from space 41472K, 13% used [0x00000000fad80000,0x00000000fb2fb5a8,0x00000000fd600000)
  to   space 40448K, 0% used [0x00000000fd700000,0x00000000fd700000,0x00000000ffe80000)
 ParOldGen       total 289280K, used 62196K [0x00000000a0000000, 0x00000000b1a80000, 0x00000000e0000000)
  object space 289280K, 21% used [0x00000000a0000000,0x00000000a3cbd338,0x00000000b1a80000)
 Metaspace       used 94463K, capacity 99278K, committed 100312K, reserved 1136640K
  class space    used 11728K, capacity 12744K, committed 13056K, reserved 1048576K
}

